<?xml version="1.0" encoding="UTF-8"?>
<testng-results skipped="0" failed="0" ignored="0" total="3" passed="3">
  <reporter-output>
  </reporter-output>
  <suite name="Default suite" duration-ms="56057" started-at="2020-08-12T07:36:29Z" finished-at="2020-08-12T07:37:25Z">
    <groups>
    </groups>
    <test name="Default test" duration-ms="56057" started-at="2020-08-12T07:36:29Z" finished-at="2020-08-12T07:37:25Z">
      <class name="org.testng.ssss">
        <test-method status="PASS" signature="launch()[pri:0, instance:org.testng.ssss@26be92ad]" name="launch" is-config="true" duration-ms="54836" started-at="2020-08-12T07:36:29Z" finished-at="2020-08-12T07:37:23Z">
          <reporter-output>
          </reporter-output>
        </test-method> <!-- launch -->
        <test-method status="PASS" signature="Start()[pri:0, instance:org.testng.ssss@26be92ad]" name="Start" is-config="true" duration-ms="3" started-at="2020-08-12T07:37:23Z" finished-at="2020-08-12T07:37:23Z">
          <reporter-output>
          </reporter-output>
        </test-method> <!-- Start -->
        <test-method status="PASS" signature="t1()[pri:0, instance:org.testng.ssss@26be92ad]" name="t1" duration-ms="95" started-at="2020-08-12T07:37:23Z" finished-at="2020-08-12T07:37:24Z">
          <reporter-output>
          </reporter-output>
        </test-method> <!-- t1 -->
        <test-method status="PASS" signature="end()[pri:0, instance:org.testng.ssss@26be92ad]" name="end" is-config="true" duration-ms="1" started-at="2020-08-12T07:37:24Z" finished-at="2020-08-12T07:37:24Z">
          <reporter-output>
          </reporter-output>
        </test-method> <!-- end -->
        <test-method status="PASS" signature="Start()[pri:0, instance:org.testng.ssss@26be92ad]" name="Start" is-config="true" duration-ms="1" started-at="2020-08-12T07:37:24Z" finished-at="2020-08-12T07:37:24Z">
          <reporter-output>
          </reporter-output>
        </test-method> <!-- Start -->
        <test-method status="PASS" signature="t2()[pri:0, instance:org.testng.ssss@26be92ad]" name="t2" duration-ms="90" started-at="2020-08-12T07:37:24Z" finished-at="2020-08-12T07:37:24Z">
          <reporter-output>
          </reporter-output>
        </test-method> <!-- t2 -->
        <test-method status="PASS" signature="end()[pri:0, instance:org.testng.ssss@26be92ad]" name="end" is-config="true" duration-ms="1" started-at="2020-08-12T07:37:24Z" finished-at="2020-08-12T07:37:24Z">
          <reporter-output>
          </reporter-output>
        </test-method> <!-- end -->
        <test-method status="PASS" signature="Start()[pri:0, instance:org.testng.ssss@26be92ad]" name="Start" is-config="true" duration-ms="0" started-at="2020-08-12T07:37:24Z" finished-at="2020-08-12T07:37:24Z">
          <reporter-output>
          </reporter-output>
        </test-method> <!-- Start -->
        <test-method status="PASS" signature="t3()[pri:0, instance:org.testng.ssss@26be92ad]" name="t3" duration-ms="77" started-at="2020-08-12T07:37:24Z" finished-at="2020-08-12T07:37:24Z">
          <reporter-output>
          </reporter-output>
        </test-method> <!-- t3 -->
        <test-method status="PASS" signature="end()[pri:0, instance:org.testng.ssss@26be92ad]" name="end" is-config="true" duration-ms="1" started-at="2020-08-12T07:37:24Z" finished-at="2020-08-12T07:37:24Z">
          <reporter-output>
          </reporter-output>
        </test-method> <!-- end -->
        <test-method status="PASS" signature="quit()[pri:0, instance:org.testng.ssss@26be92ad]" name="quit" is-config="true" duration-ms="921" started-at="2020-08-12T07:37:24Z" finished-at="2020-08-12T07:37:25Z">
          <reporter-output>
          </reporter-output>
        </test-method> <!-- quit -->
      </class> <!-- org.testng.ssss -->
    </test> <!-- Default test -->
  </suite> <!-- Default suite -->
</testng-results>
